<?xml version="1.0" encoding="UTF-8"?>
<!-- Generated by org.testng.reporters.JUnitXMLReporter -->
<testsuite hostname="ariatech-PC" ignored="0" name="Test" tests="1" failures="0" timestamp="15 May 2018 12:19:43 GMT" time="0.041" errors="0">
  <testcase name="@BeforeClass startTest" time="0.0" classname="Helper.Baseclass">
    <failure type="java.lang.NullPointerException">
      <![CDATA[java.lang.NullPointerException
	at Dataprovider.configdataprovider.startapplication(configdataprovider.java:37)
	at Helper.Baseclass.startTest(Baseclass.java:39)
... Removed 25 stack frames]]>
    </failure>
  </testcase> <!-- @BeforeClass startTest -->
  <testcase name="@AfterMethod endLogger" time="0.0" classname="Helper.Baseclass">
    <skipped/>
  </testcase> <!-- @AfterMethod endLogger -->
  <testcase name="@AfterClass endTest" time="0.0" classname="Helper.Baseclass">
    <skipped/>
  </testcase> <!-- @AfterClass endTest -->
  <testcase name="login" time="0.002" classname="applicationtestcases.primusbanklogintestcase">
    <skipped/>
  </testcase> <!-- login -->
</testsuite> <!-- Test -->
